99951
99805
99829
99676
99652
99575
99502
99507
99421
99385
99391
99327
99259
99236
99251
99184
99128
99095
99048
99052
99063
98992
98919
98925
98868
98877
98813
98813
98661
98644
98596
98614
98517
98516
98457
98385
98306
98303
98284
98272
98229
98107
98096
98034
97946
97909
97795
97709
97652
97656
97503
97509
97491
97440
97435
97325
97232
97234
97050
97029
97000
96875
96877
96793
96753
96746
96645
96609
96546
96544
96473
96436
96435
96395
96400
96342
96321
96253
96176
96174
96123
96066
96069
96046
96034
95999
95899
95892
95824
95716
95690
95626
95659
95661
95575
95548
95492
95428
95409
95373
95239
95283
95219
95142
95057
95067
94958
94937
94819
94836
94815
94793
94623
94609
94549
94475
94443
94330
94271
94279
94177
94136
94141
94097
94034
93909
93888
93855
93856
93808
93789
93782
93648
93513
93539
93424
93410
93362
93316
93244
93258
93209
93187
93122
93143
93146
92976
92913
92944
92837
92866
92864
92736
92705
92711
92662
92646
92589
92566
92527
92458
92455
92409
92330
92317
92272
92242
92238
92146
92152
92106
92125
92067
92068
91966
91971
91872
91905
91869
91816
91823
91642
91580
91376
91333
91229
91237
91206
91182
91183
91128
91090
91023
91006
90931
90923
90881
90807
90828
90734
90656
90562
90559
90418
90385
90367
90368
90341
90320
90246
90233
90045
89989
89961
89894
89907
89923
89830
89843
89769
89753
89742
89746
89674
89645
89566
89553
89409
89405
89367
89373
89355
89165
89189
89219
89044
89043
88973
88915
88885
88821
88835
88844
88759
88739
88691
88614
88609
88561
88565
88466
88479
88455
88380
88378
88331
88297
88203
88192
88172
88155
88128
88041
88050
88064
87956
87901
87900
87854
87800
87691
87684
87572
87587
87542
87550
87501
87486
87459
87465
87447
87402
87410
87393
87352
87282
87257
87261
87216
87211
87180
87157
87036
87044
86932
86927
86881
86819
86825
86800
86790
86699
86702
86663
86638
86587
86596
86548
86502
86433
86389
86387
86353
86330
86287
86262
86160
86169
86176
86077
86080
86107
86001
85988
85935
85945
85860
85865
85878
85840
85844
85772
85723
85650
85577
85488
85528
85342
85279
85197
85209
85138
85144
85038
85052
85014
84945
84946
84835
84839
84767
84780
84776
84694
84671
84625
84626
84625
84582
84512
84440
84429
84404
84338
84340
84287
84295
84264
84224
84196
84128
84089
84034
84044
83972
83921
83829
83574
83557
83463
83392
83407
83320
83281
83236
83215
83119
83075
83029
83036
82945
82953
82908
82930
82879
82843
82807
82816
82757
82780
82701
82642
82596
82612
82529
82516
82451
82486
82394
82360
82232
82263
82104
82053
82062
82022
82035
81885
81904
81909
81852
81793
81752
81706
81658
81671
81617
81618
81556
81527
81509
81467
81327
81337
81260
81159
81177
81063
81020
81022
80970
80940
80861
80796
80798
80823
80777
80750
80711
80704
80681
80679
80585
80528
80486
80491
80419
80421
80331
80281
80188
80155
80105
80092
80056
80003
80015
79975
79857
79789
79815
79767
79688
79673
79674
79648
79584
79595
79506
79455
79366
79375
79263
79254
79211
79133
79135
79143
79114
79122
79072
79072
78947
78949
78897
78868
78819
78851
78702
78621
78625
78583
78517
78423
78447
78428
78355
78290
78297
78233
78134
78146
78193
78097
78059
78026
77951
77987
77901
77837
77719
77662
77673
77573
77540
77504
77500
77448
77454
77374
77393
77321
77305
77284
77148
77129
77111
77074
77002
77006
76956
76801
76767
76735
76701
76653
76660
76560
76499
76512
76430
76432
76260
76257
76209
76131
76062
76000
76031
75919
75891
75868
75867
75799
75822
75832
75763
75775
75762
75724
75588
75598
75381
75372
75339
75299
75274
75237
75239
75161
75172
75132
75134
75075
75087
74982
74885
74791
74834
74718
74657
74589
74531
74508
74517
74418
74339
74377
74391
74310
74242
74228
74162
74096
74034
74025
73988
73990
73942
73895
73811
73793
73702
73641
73642
73587
73594
73605
73562
73535
73525
73527
73484
73470
73399
73319
73350
73280
73185
73131
73041
72943
72895
72915
72933
72856
72698
72720
72674
72647
72615
72593
72562
72461
72470
72433
72429
72375
72374
72358
72330
72254
72169
72059
72043
72016
71837
71875
71814
71819
71803
71792
71768
71724
71731
71657
71582
71629
71528
71485
71483
71290
71282
71218
71232
71178
71059
70982
70968
70911
70917
70899
70839
70807
70793
70767
70707
70659
70661
70590
70543
70473
70358
70405
70325
70211
70148
70137
70123
70032
70077
69987
69972
69874
69888
69896
69850
69804
69666
69664
69597
69496
69450
69292
69302
69249
69250
69174
69035
68845
68825
68747
68688
68691
68689
68647
68646
68519
68493
68487
68410
68462
68365
68346
68257
68242
68246
68136
68082
68064
68036
68044
67983
67990
67938
67916
67851
67856
67772
67726
67663
67662
67631
67620
67529
67483
67495
67376
67362
67235
67233
67186
67194
67224
67056
66995
67003
67006
66914
66838
66868
66822
66760
66754
66697
66617
66638
66564
66585
66515
66504
66429
66383
66332
66339
66307
66186
66111
66033
66034
66061
65995
65997
65958
65891
65893
65847
65812
65735
65755
65685
65660
65556
65554
65464
65474
65392
65421
65341
65350
65370
65310
65286
65251
65279
65222
65195
65208
65049
65063
64958
64965
64874
64886
64881
64809
64811
64797
64619
64560
64567
64574
64473
64482
64282
64286
64307
64260
64243
64231
64176
64123
64086
64067
63974
63979
63921
63937
63947
63773
63757
63708
63653
63614
63543
63537
63495
63443
63468
63418
63255
63275
63200
63105
63114
63069
63016
62931
62943
62976
62791
62817
62683
62699
62648
62541
62535
62528
62451
62415
62361
62341
62372
62288
62289
62208
62119
62123
62071
62084
62020
61973
61908
61843
61865
61784
61751
61725
61646
61655
61660
61559
61586
61608
61462
61384
61352
61343
61305
61267
61189
61186
61117
61061
61040
61043
61025
60858
60772
60788
60784
60579
60523
60512
60393
60404
60383
60341
60304
60296
60250
60214
60146
60116
60127
60083
60091
59961
59839
59867
59868
59765
59742
59672
59624
59606
59570
59483
59491
59521
59461
59428
59400
59323
59325
59280
59285
59208
59119
59062
59031
59032
59018
58955
58980
58839
58847
58806
58775
58779
58752
58704
58727
58599
58613
58598
58578
58579
58515
58468
58473
58447
58361
58371
58308
58279
58124
58071
57917
57866
57861
57800
57805
57671
57668
57603
57626
57651
57501
57521
57534
57540
57447
57457
57326
57309
57227
57212
57165
57094
57095
57008
57037
56955
56972
56927
56930
56936
56835
56770
56566
56568
56492
56523
56535
56451
56452
56476
56360
56295
56224
56157
56098
56105
56052
56009
56001
55969
55977
55898
55844
55787
55791
55747
55755
55770
55686
55690
55694
55568
55550
55533
55507
55512
55436
55437
55390
55320
55348
55283
55254
55271
55227
55195
55141
55132
55105
55091
55040
54992
54916
54943
54951
54901
54879
54881
54849
54785
54722
54644
54612
54521
54529
54550
54484
54444
54408
54298
54279
54235
54225
54135
54161
54077
54087
53995
53919
53940
53849
53731
53754
53718
53702
53659
53665
53576
53593
53541
53517
53443
53444
53359
53374
53294
53250
53205
53175
53114
52922
52858
52818
52780
52777
52752
52764
52594
52606
52552
52486
52284
52250
52139
52081
52029
52027
51998
51985
51923
51938
51929
51882
51818
51808
51821
51740
51698
51627
51552
51537
51438
51428
51343
51271
51249
51179
51180
51121
51081
51085
50964
50982
50872
50821
50698
50632
50625
50522
50470
50425
50339
50221
50196
50132
50092
50057
49951
49910
49794
49815
49774
49703
49696
49648
49659
49524
49354
49336
49291
49290
49241
49246
49204
49183
49134
49035
49054
49001
49000
48969
48899
48871
48833
48810
48725
48659
48613
48509
48393
48399
48366
48346
48319
48227
48250
48181
48171
48104
48033
47989
47992
47956
47920
47907
47912
47777
47670
47684
47619
47523
47493
47496
47459
47415
47391
47211
47089
47039
47059
46984
46878
46847
46717
46652
46594
46538
46504
46407
46415
46429
46405
46306
46283
46221
46191
46173
46071
46038
46041
46000
45952
45883
45848
45851
45802
45729
45729
45678
45682
45624
45541
45565
45515
45484
45484
45491
45440
45434
45441
45411
45372
45377
45373
45322
45307
45183
45116
45098
45063
45007
44985
44917
44865
44842
44843
44832
44789
44726
44702
44711
44616
44564
44584
44497
44434
44366
44322
44267
44263
44151
44094
44043
44021
44019
43925
43846
43793
43711
43713
43737
43645
43680
43603
43571
43539
43524
43465
43391
43301
43265
43279
43190
43117
42999
42986
42918
42882
42890
42856
42860
42808
42783
42723
42697
42705
42662
42655
42614
42599
42537
42573
42436
42464
42466
42399
42370
42304
42290
42233
42252
42173
42150
42087
41984
41997
41938
41899
41812
41746
41737
41714
41611
41612
41613
41564
41560
41520
41468
41448
41381
41387
41337
41304
41306
41309
41178
41184
41189
41119
41082
41038
40986
40974
40892
40827
40827
40799
40761
40722
40698
40620
40561
40545
40550
40480
40444
40446
40341
40341
40315
40320
40303
40196
40195
40152
40090
40029
40053
40062
39957
39784
39710
39728
39660
39621
39575
39497
39438
39450
39318
39196
39192
39131
39140
39031
39009
38924
38943
38957
38906
38910
38861
38789
38791
38761
38763
38765
38670
38682
38639
38532
38439
38408
38350
38322
38338
38269
38287
38159
38085
38042
38004
37981
37941
37806
37776
37763
37692
37710
37614
37581
37524
37485
37385
37342
37276
37290
37311
37212
37201
37175
37137
37138
36952
36932
36899
36838
36764
36810
36737
36712
36716
36692
36592
36593
36575
36500
36501
36432
36434
36346
36348
36292
36244
36184
36174
36103
36089
36025
35988
35989
35949
35870
35854
35758
35799
35662
35514
35490
35435
35446
35289
35319
35246
35231
35234
35168
35115
35110
35041
35049
35008
34949
34960
34946
34860
34863
34840
34776
34787
34694
34635
34544
34550
34552
34454
34474
34387
34372
34328
34283
34196
34151
34152
34078
34047
33979
33798
33793
33742
33739
33710
33686
33664
33541
33589
33478
33481
33446
33458
33389
33377
33348
33241
33269
33286
33157
33124
33012
32972
32936
32964
32909
32901
32892
32813
32782
32785
32717
32591
32450
32465
32313
32322
32291
32233
32251
32101
32105
32115
32123
32072
32026
32032
31993
31933
31950
31787
31596
31573
31560
31457
31399
31211
31225
31239
31131
30999
30915
30914
30867
30869
30826
30721
30721
30688
30664
30607
30616
30515
30559
30560
30477
30413
30431
30398
30347
30322
30189
30205
30137
30109
30043
30044
29978
29981
29940
29943
29873
29844
29782
29753
29756
29724
29651
29569
29610
29531
29393
29397
29328
29342
29354
29229
29251
29149
29136
29033
29066
28957
28868
28877
28879
28767
28785
28679
28696
28518
28551
28474
28462
28357
28375
28309
28205
28209
28171
28146
28089
28086
28061
28034
28028
27973
28001
27899
27916
27754
27730
27633
27630
27582
27584
27556
27526
27496
27514
27428
27450
27365
27349
27288
27202
27212
27161
27166
27090
27044
27054
26995
26954
26903
26923
26803
26690
26693
26732
26642
26601
26532
26464
26345
26358
26292
26242
26202
26140
26092
26100
26029
26005
25929
25933
25869
25857
25790
25801
25734
25697
25552
25567
25512
25449
25410
25349
25271
25201
25087
25060
24985
24959
24861
24869
24887
24828
24662
24664
24608
24567
24478
24478
24469
24401
24309
24303
24264
24234
24206
24210
24160
24127
24115
24031
24036
23997
24002
23936
23865
23885
23827
23822
23810
23790
23725
23758
23762
23686
23664
23534
23467
23475
23394
23344
23359
23364
23289
23285
23209
23143
23066
22932
22863
22862
22779
22781
22745
22655
22534
22483
22413
22357
22329
22266
22267
22210
22230
22123
22094
22107
22035
21941
21951
21928
21865
21875
21883
21789
21794
21716
21722
21678
21631
21578
21526
21465
21442
21264
21267
21235
21104
21107
21071
21044
21053
20961
20974
20975
20897
20930
20765
20668
20612
20507
20519
20480
20461
20451
20426
20401
20349
20328
20320
20107
20109
20028
19979
20001
19926
19856
19897
19844
19823
19723
19719
19705
19652
19657
19549
19387
19326
19327
19284
19262
19181
19183
19132
19088
19024
19003
18868
18839
18794
18731
18708
18731
18601
18606
18526
18461
18388
18401
18345
18326
18203
18160
18058
18019
18000
18001
17939
17940
17875
17774
17778
17726
17576
17495
17459
17460
17384
17281
17251
17204
17162
17146
17123
17097
17079
17047
16988
16940
16851
16847
16805
16751
16758
16626
16665
16699
16584
16540
16541
16455
16484
16439
16446
16408
16365
16327
16297
16249
16168
16086
16115
16132
15967
15986
15930
15759
15665
15557
15548
15476
15491
15402
15382
15337
15199
15180
15124
15111
15057
15018
14926
14807
14796
14765
14768
14784
14739
14691
14533
14523
14425
14416
14362
14282
14228
14281
14083
14058
14003
13964
13977
13935
13919
13902
13827
13760
13776
13693
13684
13625
13508
13466
13320
13327
13335
13278
13248
13204
13136
13152
13085
13019
12842
12807
12713
12740
12680
12682
12573
12584
12585
12546
12549
12475
12490
12389
12366
12367
12308
12294
12192
12202
12144
12115
12122
12094
12078
12047
11983
11996
11879
11783
11774
11680
11608
11520
11521
11541
11429
11383
11385
11221
11148
11101
11103
11086
11011
10922
10777
10632
10585
10510
10421
10426
10389
10375
10343
10302
10292
10213
10202
10187
10149
10153
10163
10114
10020
10028
10038
9990
9933
9882
9875
9708
9743
9670
9661
9593
9582
9516
9450
9452
9378
9381
9255
9189
9194
9168
9049
9047
9021
8987
8934
8868
8886
8714
8725
8668
8634
8632
8515
8528
8329
8347
8229
8194
8156
8102
8103
7984
7942
7872
7863
7815
7765
7744
7694
7695
7676
7621
7490
7490
7422
7364
7379
7328
7330
7275
7213
7195
7158
7130
7072
7006
6975
6946
6792
6847
6691
6716
6640
6602
6486
6453
6319
6241
6209
6066
6077
6079
6029
5982
5891
5873
5837
5648
5696
5487
5453
5475
5369
5362
5331
5339
5308
5153
5136
5057
5011
4949
4907
4837
4782
4719
4681
4670
4633
4552
4517
4410
4410
4380
4387
4351
4345
4314
4276
4201
4174
4161
4091
4098
3968
3970
3860
3877
3816
3786
3763
3727
3688
3659
3592
3565
3578
3579
3509
3530
3494
3432
3380
3331
3308
3311
3239
3092
3002
2894
2833
2777
2748
2677
2717
2586
2456
2505
2436
2306
2255
2171
2162
2097
2101
2032
1932
1963
1897
1921
1726
1720
1643
1650
1599
1604
1504
1460
1465
1424
1361
1374
1315
1303
1311
1257
1204
1186
1156
1071
1057
1000
1012
951
843
842
756
578
435
390
398
344
356
310
236
236
213
183
161
119
126
106
95
51
56
1
20
1
41
51
75
82
95
106
111
119
154
161
181
183
202
216
224
213
224
231
243
236
236
287
310
333
339
344
375
387
390
426
435
450
495
495
513
547
557
558
559
571
575
578
578
596
610
623
623
656
663
669
688
700
736
740
746
755
756
802
803
839
842
843
873
879
881
889
892
901
904
906
910
925
925
937
937
951
967
975
989
995
1000
1050
1058
1057
1068
1071
1116
1118
1130
1136
1138
1146
1147
1156
1180
1184
1186
1204
1252
1257
1287
1303
1315
1330
1337
1355
1384
1361
1388
1394
1394
1404
1407
1415
1424
1438
1441
1455
1465
1460
1463
1469
1475
1501
1517
1504
1548
1550
1560
1568
1572
1599
1610
1638
1643
1648
1665
1675
1695
1720
1726
1733
1743
1771
1790
1792
1798
1812
1829
1832
1850
1860
1877
1885
1887
1897
1930
1932
1941
1956
1979
1980
1982
1990
2004
2013
2016
2032
2032
2066
2082
2101
2105
2097
2125
2127
2146
2156
2167
2162
2171
2191
2221
2221
2222
2234
2238
2255
2271
2306
2427
2436
2445
2456
2477
2485
2519
2563
2566
2568
2580
2582
2586
2593
2593
2598
2603
2619
2627
2627
2636
2643
2656
2691
2725
2677
2729
2773
2748
2776
2777
2807
2808
2813
2833
2857
2882
2885
2894
2896
2918
2927
2969
2989
2995
3015
3002
3033
3053
3074
3096
3092
3150
3168
3196
3198
3200
3208
3228
3234
3239
3239
3270
3292
3298
3301
3302
3303
3308
3331
3346
3349
3371
3383
3380
3395
3401
3404
3407
3408
3408
3414
3416
3460
3432
3490
3494
3500
3506
3509
3538
3553
3560
3562
3565
3581
3586
3592
3601
3609
3659
3659
3687
3688
3697
3748
3727
3731
3757
3759
3761
3763
3783
3783
3786
3801
3816
3824
3838
3851
3860
3936
3953
3953
4005
3968
4019
4023
4031
4035
4048
4059
4091
4106
4110
4125
4149
4158
4161
4174
4179
4198
4201
4242
4255
4255
4264
4276
4308
4314
4315
4332
4342
4369
4345
4351
4377
4380
4408
4410
4410
4411
4440
4478
4484
4486
4504
4509
4517
4524
4540
4547
4552
4575
4579
4583
4585
4593
4610
4623
4624
4630
4633
4650
4633
4663
4665
4669
4670
4681
4681
4719
4719
4741
4777
4782
4787
4789
4793
4810
4837
4848
4851
4889
4892
4895
4898
4898
4907
4921
4949
5000
5002
5011
5036
5098
5057
5058
5134
5136
5151
5153
5202
5203
5207
5223
5226
5243
5248
5265
5289
5302
5306
5308
5325
5331
5352
5414
5362
5369
5433
5452
5453
5487
5566
5595
5619
5631
5642
5643
5683
5648
5722
5745
5752
5794
5795
5804
5810
5837
5873
5888
5890
5891
5907
5913
5931
5940
5965
5982
5999
6011
6020
6029
6044
6045
6066
6098
6111
6129
6133
6143
6148
6151
6169
6174
6177
6177
6188
6198
6209
6229
6236
6250
6241
6294
6308
6313
6350
6319
6351
6391
6397
6443
6453
6453
6486
6553
6558
6558
6572
6604
6602
6625
6640
6680
6683
6687
6713
6691
6736
6763
6767
6847
6792
6880
6900
6904
6905
6907
6913
6924
6934
6946
6953
6971
6981
6975
6994
6999
7006
7019
7027
7069
7073
7112
7072
7088
7127
7131
7132
7130
7131
7151
7162
7158
7161
7191
7195
7213
7227
7240
7262
7265
7272
7275
7295
7310
7316
7316
7328
7339
7355
7358
7364
7415
7429
7422
7483
7489
7490
7565
7490
7608
7621
7643
7647
7670
7676
7690
7692
7694
7725
7725
7733
7750
7744
7765
7765
7792
7810
7815
7826
7851
7863
7889
7872
7939
7940
7941
7942
7959
7962
7963
7981
7987
7984
8016
8020
8030
8041
8068
8087
8102
8119
8135
8139
8143
8174
8156
8186
8187
8194
8226
8228
8229
8283
8284
8292
8324
8347
8329
8390
8394
8395
8401
8408
8409
8442
8461
8485
8502
8504
8508
8510
8515
8585
8589
8593
8597
8597
8605
8614
8620
8632
8634
8658
8668
8668
8682
8699
8702
8713
8725
8714
8808
8808
8810
8816
8819
8823
8830
8830
8840
8858
8859
8863
8864
8886
8868
8921
8934
8953
8977
8982
8987
8990
9022
9021
9035
9040
9042
9047
9049
9080
9095
9102
9106
9113
9117
9124
9128
9146
9168
9189
9217
9260
9255
9259
9297
9300
9305
9315
9328
9331
9334
9338
9413
9378
9428
9463
9450
9491
9500
9502
9508
9514
9516
9516
9543
9564
9567
9572
9582
9583
9593
9658
9661
9670
9685
9687
9703
9705
9708
9717
9754
9783
9786
9794
9813
9818
9821
9852
9853
9857
9889
9875
9882
9914
9918
9933
9948
9948
9957
9958
9969
9970
9989
9990
10017
10028
10020
10070
10073
10079
10083
10091
10111
10116
10114
10129
10137
10149
10152
10178
10187
10202
10227
10202
10213
10274
10281
10282
10283
10287
10292
10296
10302
10303
10332
10337
10366
10343
10375
10387
10389
10397
10402
10413
10421
10464
10467
10478
10482
10501
10510
10536
10548
10552
10575
10585
10588
10612
10624
10625
10651
10632
10675
10711
10745
10749
10761
10770
10772
10809
10777
10812
10825
10847
10912
10913
10919
10931
10922
10955
10981
10987
11005
11011
11041
11048
11075
11086
11100
11101
11121
11130
11148
11166
11198
11215
11221
11225
11225
11232
11235
11235
11241
11265
11269
11270
11270
11290
11296
11312
11315
11322
11341
11343
11348
11350
11351
11358
11366
11381
11382
11383
11413
11429
11432
11439
11441
11442
11473
11520
11557
11578
11608
11668
11669
11672
11680
11713
11731
11733
11755
11762
11774
11783
11839
11850
11859
11860
11860
11861
11865
11870
11879
11885
11899
11919
11970
11983
12012
12032
12047
12064
12067
12075
12077
12100
12078
12094
12112
12115
12122
12142
12144
12175
12184
12192
12209
12219
12236
12237
12258
12273
12280
12294
12294
12302
12304
12308
12333
12341
12342
12349
12359
12367
12366
12382
12387
12389
12391
12430
12431
12440
12450
12490
12475
12530
12549
12546
12568
12573
12597
12600
12628
12631
12677
12680
12711
12713
12780
12788
12791
12795
12799
12803
12807
12826
12828
12829
12835
12842
12844
12925
12935
12941
12956
12977
12985
13012
13019
13033
13064
13082
13087
13085
13128
13131
13136
13186
13198
13201
13204
13214
13248
13276
13277
13277
13278
13306
13309
13309
13314
13335
13320
13369
13382
13386
13394
13397
13397
13400
13411
13417
13419
13433
13442
13453
13458
13466
13491
13518
13508
13563
13579
13579
13581
13586
13594
13600
13625
13633
13658
13660
13671
13684
13693
13712
13718
13745
13753
13760
13769
13814
13825
13827
13830
13879
13886
13899
13902
13906
13919
13931
13935
13948
13950
13964
13964
13994
13996
14000
14003
14009
14022
14030
14041
14042
14048
14058
14064
14075
14083
14113
14117
14149
14186
14228
14282
14307
14311
14337
14359
14362
14413
14416
14425
14464
14472
14501
14523
14523
14533
14569
14571
14579
14589
14630
14642
14681
14691
14735
14739
14745
14746
14761
14765
14770
14789
14795
14796
14807
14845
14848
14848
14871
14885
14887
14901
14906
14911
14924
14940
14926
14926
14987
15001
15018
15022
15025
15035
15057
15109
15112
15111
15123
15124
15150
15151
15158
15161
15164
15174
15180
15182
15191
15191
15201
15199
15232
15255
15260
15265
15272
15283
15284
15337
15344
15382
15399
15402
15414
15420
15442
15458
15491
15499
15476
15541
15548
15557
15628
15631
15665
15704
15719
15725
15738
15759
15793
15798
15862
15871
15871
15876
15902
15907
15929
15930
15939
15943
15949
15967
16002
16025
16037
16040
16046
16049
16072
16086
16141
16150
16150
16158
16168
16190
16232
16232
16249
16259
16284
16285
16293
16297
16309
16327
16353
16356
16380
16365
16385
16408
16424
16424
16439
16439
16452
16460
16455
16490
16522
16540
16545
16560
16567
16577
16583
16603
16610
16615
16584
16624
16665
16626
16730
16740
16746
16751
16751
16761
16766
16779
16794
16799
16803
16808
16805
16832
16842
16847
16851
16851
16861
16861
16872
16905
16912
16927
16927
16930
16948
16940
16956
16988
16995
17004
17019
17047
17065
17079
17094
17111
17097
17123
17137
17144
17146
17162
17191
17202
17204
17223
17227
17245
17251
17251
17257
17273
17281
17292
17322
17325
17340
17343
17354
17366
17371
17384
17389
17449
17460
17459
17479
17497
17507
17495
17508
17535
17536
17537
17537
17586
17576
17581
17594
17609
17610
17611
17616
17625
17626
17631
17674
17695
17725
17726
17737
17737
17739
17741
17741
17748
17774
17774
17788
17790
17791
17795
17812
17816
17819
17852
17861
17866
17867
17875
17918
17940
17939
17984
17992
17993
18000
18007
18019
18019
18027
18034
18077
18058
18090
18092
18105
18119
18119
18124
18126
18145
18146
18146
18160
18179
18187
18195
18197
18203
18222
18246
18248
18256
18263
18284
18325
18326
18345
18379
18388
18395
18442
18465
18461
18472
18473
18478
18487
18505
18523
18526
18572
18582
18587
18595
18601
18633
18656
18673
18678
18699
18706
18708
18731
18755
18757
18763
18768
18770
18772
18787
18792
18794
18802
18823
18832
18838
18839
18845
18866
18867
18868
19000
19011
19003
19018
19024
19042
19048
19078
19083
19093
19088
19128
19132
19159
19163
19178
19181
19193
19197
19221
19223
19246
19262
19284
19311
19325
19335
19327
19326
19346
19368
19380
19387
19388
19395
19453
19465
19487
19512
19515
19548
19549
19549
19597
19628
19628
19644
19657
19652
19700
19705
19712
19716
19717
19719
19723
19813
19823
19840
19844
19856
19923
19926
19932
19962
19997
19979
19979
20019
20028
20061
20069
20070
20082
20093
20094
20096
20101
20109
20107
20155
20178
20195
20219
20221
20223
20288
20292
20307
20311
20320
20328
20338
20359
20366
20349
20353
20369
20401
20404
20410
20426
20444
20447
20451
20461
20474
20480
20496
20503
20507
20548
20549
20552
20573
20575
20579
20611
20611
20612
20636
20638
20662
20662
20668
20708
20718
20747
20754
20758
20765
20776
20781
20784
20790
20797
20799
20827
20841
20854
20854
20856
20861
20897
20931
20935
20952
20974
20961
21022
21029
21032
21033
21040
21053
21044
21070
21071
21080
21162
21104
21159
21186
21188
21235
21264
21267
21317
21264
21341
21343
21351
21361
21373
21394
21394
21421
21430
21439
21442
21460
21465
21504
21523
21526
21577
21591
21578
21613
21634
21631
21648
21678
21682
21716
21740
21769
21775
21775
21789
21830
21841
21843
21865
21889
21907
21908
21928
21941
22008
22022
22035
22044
22054
22065
22085
22094
22107
22121
22123
22130
22158
22162
22165
22173
22187
22197
22203
22208
22210
22249
22257
22263
22265
22266
22313
22329
22347
22349
22351
22351
22351
22357
22376
22410
22413
22424
22483
22503
22503
22517
22520
22543
22534
22549
22575
22609
22632
22640
22640
22646
22657
22655
22658
22668
22675
22689
22692
22692
22706
22710
22714
22721
22745
22747
22767
22779
22788
22805
22816
22819
22823
22835
22839
22840
22840
22848
22858
22862
22863
22885
22887
22898
22902
22932
22950
22982
22995
22996
23021
23023
23070
23066
23133
23143
23154
23163
23166
23169
23177
23196
23207
23235
23209
23230
23274
23308
23285
23289
23339
23344
23387
23407
23394
23448
23466
23467
23482
23522
23534
23534
23547
23548
23587
23588
23597
23605
23605
23613
23639
23644
23647
23654
23654
23704
23664
23686
23715
23758
23725
23789
23790
23808
23810
23825
23822
23825
23826
23827
23843
23861
23895
23865
23878
23910
23911
23936
23940
23997
24027
24028
24037
24031
24073
24074
24074
24080
24091
24108
24115
24117
24124
24127
24130
24131
24133
24154
24178
24184
24160
24192
24201
24206
24221
24227
24245
24234
24254
24254
24264
24281
24303
24309
24322
24356
24377
24397
24401
24443
24451
24469
24476
24478
24478
24517
24543
24551
24567
24582
24608
24625
24637
24659
24664
24662
24754
24771
24778
24780
24786
24793
24803
24814
24828
24845
24855
24861
24921
24942
24959
24966
24983
24985
25035
25038
25044
25048
25052
25053
25060
25063
25079
25106
25087
25109
25163
25172
25179
25201
25221
25229
25240
25258
25263
25263
25264
25309
25271
25292
25318
25347
25354
25349
25371
25385
25410
25430
25432
25432
25444
25449
25451
25451
25470
25472
25480
25481
25491
25512
25512
25552
25625
25636
25645
25646
25651
25679
25697
25724
25724
25732
25734
25760
25760
25760
25768
25783
25790
25790
25816
25822
25830
25830
25830
25834
25836
25839
25857
25885
25869
25899
25910
25927
25929
25943
25944
25950
25950
25973
26005
26015
26029
26083
26083
26092
26137
26154
26140
26157
26176
26186
26189
26202
26230
26242
26282
26290
26292
26310
26325
26326
26345
26436
26436
26437
26450
26453
26463
26469
26476
26464
26494
26501
26506
26532
26569
26601
26623
26633
26642
26655
26684
26732
26690
26802
26803
26809
26830
26848
26869
26872
26876
26894
26903
26943
26960
26954
26954
26966
26989
26990
26995
27024
27026
27031
27054
27044
27066
27069
27070
27075
27076
27090
27093
27102
27120
27123
27125
27133
27142
27160
27166
27161
27177
27179
27199
27201
27202
27202
27279
27288
27336
27344
27349
27365
27395
27397
27401
27405
27454
27461
27428
27477
27480
27493
27498
27514
27496
27523
27526
27546
27547
27551
27556
27580
27582
27590
27609
27614
27630
27633
27656
27666
27701
27707
27709
27710
27711
27717
27729
27730
27740
27749
27754
27785
27786
27788
27802
27813
27815
27841
27842
27863
27895
27914
27916
27899
27964
27969
27973
28017
28034
28028
28034
28057
28061
28074
28086
28089
28121
28122
28124
28131
28135
28135
28146
28170
28171
28185
28204
28205
28236
28241
28273
28292
28315
28309
28339
28353
28357
28428
28433
28437
28438
28462
28462
28474
28474
28478
28492
28500
28502
28516
28551
28518
28578
28590
28600
28621
28671
28696
28679
28760
28767
28781
28792
28802
28818
28845
28860
28868
28893
28898
28914
28915
28929
28944
28957
28961
28976
28981
28984
28985
28991
28991
28992
29003
29020
29033
29080
29085
29109
29110
29111
29125
29136
29149
29191
29195
29197
29229
29256
29320
29322
29361
29328
29390
29393
29397
29462
29464
29469
29485
29493
29509
29518
29535
29531
29565
29619
29569
29642
29643
29646
29649
29655
29651
29690
29691
29706
29724
29753
29780
29795
29782
29784
29801
29825
29844
29863
29878
29909
29873
29893
29919
29934
29940
29943
29940
29960
29964
29972
29979
29978
30007
30011
30043
30061
30074
30101
30104
30106
30109
30124
30137
30140
30172
30186
30189
30228
30244
30266
30267
30285
30322
30322
30341
30347
30355
30377
30390
30398
30413
30455
30456
30474
30477
30477
30486
30489
30507
30510
30515
30582
30583
30585
30590
30592
30606
30607
30607
30632
30664
30688
30718
30721
30721
30777
30787
30798
30807
30813
30826
30858
30869
30867
30896
30898
30904
30906
30907
30915
30914
30915
30960
30974
30981
30989
30995
30999
31004
31042
31052
31089
31091
31098
31099
31121
31149
31162
31165
31131
31173
31196
31211
31227
31281
31298
31312
31313
31314
31316
31326
31328
31429
31399
31441
31473
31457
31520
31551
31560
31560
31570
31570
31572
31573
31589
31596
31610
31612
31613
31616
31644
31698
31708
31729
31787
31812
31847
31863
31869
31890
31894
31906
31916
31933
31965
31993
32007
32010
32011
32015
32032
32026
32039
32046
32072
32086
32101
32177
32187
32196
32205
32220
32223
32242
32273
32233
32279
32281
32290
32291
32306
32321
32322
32313
32365
32367
32368
32373
32438
32442
32494
32450
32522
32530
32535
32541
32543
32586
32614
32591
32710
32717
32754
32757
32769
32770
32773
32782
32799
32810
32824
32813
32832
32867
32881
32887
32892
32898
32901
32903
32907
32916
32909
32921
32922
32927
32929
32930
32959
32936
32969
32973
32972
32972
32983
32992
32992
33011
33012
33012
33022
33032
33066
33080
33124
33153
33157
33172
33179
33188
33215
33228
33241
33261
33310
33325
33348
33373
33377
33389
33429
33445
33446
33475
33478
33489
33494
33517
33522
33524
33532
33541
33579
33596
33597
33664
33679
33680
33685
33686
33687
33688
33695
33709
33709
33710
33724
33739
33742
33751
33784
33793
33798
33856
33887
33887
33897
33899
33900
33904
33927
33951
33981
33979
34047
34059
34071
34072
34078
34084
34097
34110
34118
34119
34120
34126
34128
34152
34151
34169
34182
34204
34196
34259
34284
34283
34309
34315
34321
34328
34341
34347
34372
34387
34418
34432
34438
34461
34468
34454
34502
34529
34552
34544
34585
34597
34597
34606
34614
34622
34643
34662
34635
34667
34702
34694
34696
34722
34724
34736
34766
34787
34776
34837
34840
34841
34859
34881
34863
34860
34932
34932
34946
34946
34949
34996
35008
35024
35028
35030
35036
35041
35041
35083
35084
35100
35110
35115
35135
35166
35167
35173
35168
35171
35188
35231
35239
35240
35246
35266
35280
35308
35289
35296
35352
35365
35368
35419
35423
35431
35435
35483
35492
35493
35490
35508
35510
35514
35514
35525
35530
35534
35549
35556
35573
35575
35659
35662
35680
35732
35732
35733
35742
35745
35751
35754
35832
35758
35802
35835
35851
35854
35870
35888
35946
35949
35965
35968
35982
35986
35989
35988
36019
36022
36025
36030
36041
36054
36062
36067
36082
36089
36100
36101
36132
36103
36108
36136
36149
36174
36180
36184
36199
36208
36214
36219
36227
36244
36270
36287
36287
36292
36315
36332
36335
36344
36346
36348
36362
36346
36390
36411
36412
36420
36424
36432
36432
36490
36500
36514
36501
36500
36558
36559
36569
36575
36589
36599
36593
36592
36639
36643
36656
36662
36666
36667
36688
36692
36693
36692
36699
36704
36704
36705
36707
36711
36712
36735
36737
36752
36810
36764
36805
36831
36838
36848
36849
36872
36887
36909
36899
36927
36932
36945
36952
36973
36986
36992
37009
37015
37032
37055
37078
37087
37092
37098
37120
37131
37133
37137
37155
37159
37166
37175
37199
37201
37206
37211
37212
37213
37227
37235
37240
37241
37244
37268
37276
37341
37342
37349
37355
37361
37385
37393
37426
37429
37434
37440
37466
37469
37475
37483
37485
37509
37512
37512
37512
37517
37518
37524
37539
37555
37571
37573
37575
37579
37581
37595
37599
37606
37614
37631
37635
37696
37692
37728
37732
37775
37763
37776
37806
37806
37807
37811
37836
37852
37853
37868
37872
37880
37901
37901
37920
37922
37938
37939
37941
37941
37972
37981
37993
37997
38001
38004
38004
38012
38015
38018
38018
38033
38038
38045
38042
38066
38068
38085
38118
38149
38153
38153
38154
38163
38159
38166
38166
38170
38184
38222
38226
38235
38238
38248
38263
38269
38270
38305
38306
38318
38322
38326
38349
38358
38350
38397
38408
38417
38420
38425
38431
38434
38439
38476
38479
38489
38492
38505
38521
38541
38542
38532
38562
38571
38607
38608
38610
38620
38624
38640
38639
38653
38670
38690
38691
38706
38722
38727
38761
38775
38781
38789
38835
38861
38872
38876
38879
38906
38923
38928
38924
38971
38973
39005
39009
39018
39018
39076
39031
39074
39084
39105
39112
39118
39130
39140
39131
39165
39168
39187
39192
39192
39195
39241
39196
39251
39272
39275
39286
39296
39300
39301
39305
39420
39318
39331
39432
39439
39455
39438
39471
39477
39485
39497
39503
39520
39520
39544
39552
39553
39564
39568
39575
39596
39621
39630
39660
39667
39693
39699
39702
39703
39710
39728
39710
39747
39753
39781
39784
39826
39840
39844
39854
39892
39913
39919
39933
39935
39939
39953
39954
39957
39967
39976
39996
40029
40069
40126
40090
40119
40124
40151
40152
40152
40185
40195
40196
40239
40241
40242
40244
40272
40276
40287
40289
40303
40308
40320
40315
40340
40343
40341
40341
40361
40385
40392
40397
40423
40438
40446
40444
40457
40461
40461
40462
40480
40484
40480
40535
40545
40561
40586
40596
40600
40631
40620
40634
40668
40675
40698
40699
40707
40720
40722
40725
40731
40732
40755
40761
40769
40776
40778
40799
40824
40827
40827
40845
40856
40879
40881
40926
40892
40936
40974
40984
41018
40986
41027
41038
41058
41078
41093
41082
41116
41119
41154
41178
41237
41241
41252
41267
41274
41275
41276
41301
41306
41304
41316
41331
41337
41347
41377
41407
41409
41381
41446
41448
41468
41500
41520
41528
41556
41560
41564
41586
41589
41595
41596
41664
41611
41699
41714
41726
41770
41737
41746
41792
41796
41812
41826
41881
41887
41899
41918
41918
41930
41934
41938
41979
41984
42008
42017
42045
42049
42053
42060
42085
42093
42110
42087
42113
42138
42144
42163
42150
42173
42204
42216
42252
42233
42270
42282
42290
42304
42351
42370
42399
42408
42416
42418
42434
42434
42466
42436
42506
42508
42531
42573
42537
42576
42596
42599
42614
42614
42621
42631
42634
42649
42650
42675
42655
42662
42680
42688
42696
42697
42717
42723
42723
42762
42773
42773
42778
42779
42779
42783
42793
42808
42818
42826
42842
42856
42868
42890
42882
42898
42904
42918
42969
42971
42986
42999
43050
43069
43110
43111
43112
43153
43117
43190
43216
43217
43226
43229
43264
43265
43301
43319
43326
43329
43336
43353
43363
43368
43384
43391
43400
43401
43412
43424
43457
43465
43502
43522
43524
43539
43562
43571
43587
43607
43603
43612
43617
43631
43645
43651
43704
43710
43711
43747
43752
43772
43793
43834
43846
43887
43903
43909
43912
43914
43925
43986
43993
44009
44011
44019
44021
44040
44055
44043
44076
44077
44087
44094
44097
44113
44116
44116
44116
44132
44134
44158
44151
44173
44179
44207
44211
44263
44263
44267
44297
44299
44322
44331
44351
44380
44388
44366
44409
44449
44434
44456
44463
44492
44499
44497
44542
44548
44558
44593
44593
44564
44609
44614
44616
44616
44634
44655
44657
44666
44672
44678
44692
44711
44702
44723
44724
44726
44741
44750
44755
44795
44789
44823
44832
44835
44843
44842
44855
44865
44867
44900
44917
44946
44948
44969
44984
44985
44987
44991
44994
45000
45000
45007
45020
45035
45036
45063
45087
45088
45097
45098
45104
45116
45122
45123
45131
45154
45160
45164
45166
45170
45183
45184
45200
45206
45216
45245
45264
45274
45292
45315
45307
45322
45352
45366
45373
45372
45401
45412
45426
45411
45434
45434
45440
45466
45484
45484
45509
45514
45515
45529
45541
45614
45624
45628
45658
45667
45677
45682
45683
45678
45706
45707
45712
45729
45729
45790
45791
45829
45802
45842
45847
45848
45880
45883
45896
45899
45904
45909
45914
45938
45939
45952
45974
45980
46000
46012
46025
46028
46038
46041
46038
46053
46059
46061
46064
46071
46120
46139
46155
46155
46167
46173
46173
46191
46191
46212
46215
46222
46256
46221
46257
46265
46278
46283
46290
46297
46306
46311
46344
46347
46355
46362
46369
46371
46405
46406
46415
46407
46491
46504
46534
46538
46589
46592
46594
46607
46634
46652
46664
46710
46717
46746
46776
46818
46832
46835
46847
46864
46873
46910
46878
46886
46957
46980
46989
47004
46984
47022
47040
47063
47039
47078
47089
47159
47169
47175
47200
47211
47244
47265
47269
47272
47319
47330
47332
47337
47355
47358
47383
47384
47391
47399
47415
47449
47459
47475
47481
47493
47501
47511
47511
47513
47523
47606
47607
47619
47625
47663
47684
47670
47729
47730
47766
47777
47794
47795
47808
47845
47864
47893
47900
47904
47907
47920
47932
47956
47981
47989
47998
48008
48015
48021
48049
48033
48072
48092
48114
48122
48104
48135
48136
48171
48175
48179
48186
48181
48222
48223
48225
48248
48227
48279
48291
48297
48319
48336
48341
48346
48359
48359
48365
48366
48385
48410
48393
48431
48462
48465
48466
48467
48470
48509
48539
48559
48568
48586
48598
48613
48630
48647
48653
48654
48656
48659
48672
48689
48704
48725
48752
48766
48800
48803
48810
48827
48833
48871
48880
48888
48899
48903
48921
48948
48969
48983
48992
48995
49000
49001
49017
49031
49033
49035
49058
49064
49069
49071
49075
49079
49082
49091
49111
49120
49126
49132
49134
49146
49171
49174
49181
49183
49200
49215
49204
49213
49217
49224
49228
49238
49257
49241
49268
49283
49286
49287
49290
49308
49291
49331
49332
49336
49343
49376
49354
49421
49434
49443
49455
49460
49469
49488
49490
49509
49514
49516
49518
49519
49524
49542
49548
49564
49568
49571
49596
49603
49613
49613
49639
49648
49671
49680
49684
49696
49698
49703
49746
49755
49762
49774
49788
49789
49794
49843
49844
49851
49869
49881
49892
49902
49906
49906
49910
49950
49959
49951
49966
50014
50021
50027
50037
50057
50063
50078
50106
50092
50118
50132
50180
50181
50182
50196
50200
50213
50221
50260
50261
50264
50266
50280
50335
50338
50339
50395
50397
50398
50408
50421
50425
50426
50435
50467
50469
50470
50493
50495
50498
50522
50553
50557
50625
50632
50666
50684
50688
50698
50738
50743
50750
50754
50772
50788
50802
50810
50839
50821
50843
50851
50858
50872
50889
50928
50929
50938
50939
50947
50975
50982
50964
51004
51024
51080
51088
51081
51090
51098
51101
51106
51121
51155
51156
51179
51190
51191
51203
51221
51221
51241
51243
51248
51249
51271
51300
51324
51326
51343
51360
51370
51384
51387
51394
51397
51398
51407
51428
51432
51441
51438
51459
51469
51476
51481
51488
51490
51507
51522
51537
51552
51558
51561
51567
51589
51591
51593
51595
51600
51608
51608
51610
51627
51635
51638
51640
51683
51695
51697
51698
51702
51703
51714
51718
51727
51730
51731
51766
51740
51775
51781
51781
51805
51808
51818
51870
51898
51882
51910
51929
51923
51960
51962
51962
51964
51985
51998
52006
52027
52029
52074
52082
52081
52089
52107
52120
52134
52135
52139
52160
52169
52192
52194
52237
52250
52278
52284
52298
52336
52375
52385
52399
52403
52429
52439
52442
52443
52462
52486
52538
52540
52541
52544
52560
52552
52591
52594
52656
52685
52695
52698
52698
52707
52729
52732
52737
52766
52752
52775
52777
52780
52806
52812
52816
52821
52818
52840
52856
52879
52884
52858
52895
52910
52940
52922
52947
52952
52963
52979
52989
53000
53004
53016
53017
53019
53029
53045
53055
53067
53082
53092
53101
53114
53124
53127
53172
53175
53197
53203
53205
53205
53205
53239
53245
53250
53288
53294
53298
53299
53344
53374
53359
53412
53433
53444
53443
53482
53503
53514
53522
53517
53541
53555
53593
53576
53593
53630
53631
53635
53641
53641
53652
53668
53659
53687
53697
53702
53718
53730
53731
53757
53759
53796
53807
53830
53830
53831
53841
53859
53849
53856
53864
53879
53898
53915
53918
53919
53938
53962
53976
53995
54025
54033
54049
54063
54064
54082
54077
54090
54116
54135
54150
54168
54183
54202
54208
54215
54216
54225
54234
54235
54272
54273
54279
54298
54316
54353
54362
54370
54370
54382
54393
54406
54408
54423
54431
54439
54444
54471
54484
54497
54503
54504
54513
54521
54574
54583
54585
54589
54594
54599
54600
54612
54637
54655
54644
54658
54661
54662
54662
54666
54708
54715
54722
54728
54774
54785
54811
54831
54849
54855
54869
54879
54891
54894
54901
54914
54943
54916
54979
54992
55029
55039
55040
55051
55059
55083
55088
55091
55094
55098
55099
55105
55111
55116
55132
55139
55141
55162
55167
55169
55176
55179
55195
55195
55203
55233
55227
55232
55236
55253
55254
55254
55283
55308
55320
55373
55377
55402
55390
55410
55419
55436
55447
55474
55487
55504
55505
55505
55507
55512
55516
55525
55533
55542
55550
55556
55556
55564
55569
55568
55604
55624
55633
55686
55713
55731
55738
55755
55747
55782
55787
55796
55804
55819
55822
55831
55843
55844
55850
55898
55925
55927
55927
55948
55951
55992
55969
55999
56001
56009
56015
56043
56047
56063
56052
56091
56097
56097
56098
56132
56137
56157
56169
56169
56181
56189
56213
56216
56224
56230
56270
56270
56275
56276
56280
56281
56284
56292
56295
56298
56315
56371
56360
56387
56402
56406
56424
56424
56428
56437
56446
56451
56490
56518
56492
56545
56546
56551
56568
56566
56602
56639
56645
56656
56707
56717
56724
56749
56756
56769
56770
56818
56829
56858
56872
56890
56835
56905
56906
56925
56927
56940
56972
56955
56991
57000
57003
57049
57053
57008
57069
57095
57094
57147
57157
57162
57165
57191
57204
57207
57212
57227
57241
57250
57253
57296
57301
57306
57309
57316
57321
57391
57326
57340
57400
57423
57428
57428
57434
57445
57447
57484
57485
57500
57501
57548
57565
57568
57570
57581
57626
57603
57665
57668
57671
57684
57697
57699
57699
57708
57728
57740
57784
57784
57787
57792
57805
57805
57800
57837
57845
57856
57861
57871
57866
57908
57917
57922
57923
57961
57973
57981
57990
57990
58023
58037
58042
58066
58071
58115
58116
58122
58137
58142
58124
58136
58227
58229
58248
58251
58275
58275
58277
58279
58308
58333
58355
58362
58365
58361
58383
58394
58400
58409
58417
58423
58446
58447
58456
58460
58473
58468
58495
58502
58512
58515
58548
58550
58555
58561
58565
58574
58578
58591
58598
58599
58655
58689
58692
58728
58704
58747
58752
58775
58801
58808
58806
58807
58811
58824
58839
58893
58948
58981
58955
59006
59007
59018
59031
59057
59062
59116
59119
59133
59160
59163
59174
59196
59208
59217
59229
59285
59280
59304
59325
59342
59323
59365
59365
59381
59391
59400
59418
59428
59450
59459
59461
59482
59491
59483
59566
59570
59579
59609
59606
59620
59622
59626
59624
59627
59650
59672
59696
59702
59708
59709
59719
59733
59742
59748
59765
59804
59822
59822
59824
59835
59839
59895
59906
59952
59953
59953
59961
60010
60016
60021
60023
60044
60062
60091
60083
60114
60116
60137
60141
60149
60146
60180
60182
60189
60207
60214
60250
60266
60273
60279
60286
60292
60296
60304
60308
60339
60341
60341
60351
60368
60383
60393
60436
60457
60468
60470
60473
60473
60510
60512
60523
60538
60548
60571
60574
60635
60579
60686
60696
60727
60736
60748
60765
60784
60772
60795
60811
60818
60834
60868
60858
60866
60901
60905
60938
60938
60943
61012
61025
61038
61040
61061
61101
61109
61109
61110
61135
61117
61139
61178
61182
61186
61189
61206
61233
61240
61246
61253
61262
61267
61267
61299
61305
61309
61321
61322
61343
61349
61357
61352
61374
61384
61387
61406
61419
61429
61451
61460
61462
61482
61507
61611
61559
61644
61646
61653
61707
61725
61747
61751
61783
61784
61811
61820
61824
61831
61831
61838
61839
61843
61852
61882
61883
61893
61900
61904
61908
61909
61945
61947
61966
61968
61973
61979
61973
62001
62008
62016
62020
62029
62032
62069
62071
62075
62105
62110
62128
62119
62205
62208
62219
62222
62247
62271
62288
62288
62297
62304
62326
62333
62334
62341
62361
62407
62414
62415
62429
62443
62451
62498
62528
62528
62532
62535
62541
62558
62567
62580
62596
62598
62621
62623
62645
62656
62648
62662
62676
62683
62715
62757
62760
62765
62769
62772
62817
62791
62872
62875
62919
62919
62931
62992
62996
62996
63016
63016
63043
63044
63053
63065
63069
63069
63099
63102
63127
63105
63168
63177
63200
63218
63230
63250
63255
63304
63317
63343
63344
63346
63348
63418
63420
63426
63458
63443
63482
63490
63495
63499
63527
63537
63555
63543
63589
63608
63613
63614
63651
63653
63654
63686
63708
63711
63714
63739
63756
63757
63765
63803
63773
63814
63821
63850
63867
63870
63885
63904
63906
63912
63918
63947
63921
63965
63979
63994
63974
64037
64042
64083
64067
64086
64086
64096
64097
64102
64110
64123
64160
64161
64163
64176
64186
64187
64190
64201
64231
64231
64243
64257
64260
64269
64282
64336
64339
64355
64358
64390
64401
64403
64417
64429
64475
64482
64473
64501
64549
64557
64582
64560
64616
64629
64619
64657
64677
64678
64678
64685
64723
64741
64752
64754
64763
64770
64789
64793
64797
64809
64839
64845
64861
64862
64864
64865
64881
64874
64955
64958
64990
64993
65014
65017
65030
65047
65049
65063
65049
65053
65099
65121
65123
65174
65195
65222
65222
65227
65236
65251
65286
65286
65303
65310
65335
65370
65341
65382
65383
65388
65392
65417
65446
65464
65502
65518
65534
65538
65553
65554
65584
65556
65592
65602
65624
65652
65658
65658
65660
65663
65660
65678
65687
65685
65710
65719
65725
65728
65732
65735
65804
65811
65812
65826
65848
65847
65869
65875
65875
65879
65887
65902
65891
65924
65953
65955
65968
65958
65970
65977
65995
66001
66009
66012
66033
66048
66092
66111
66125
66126
66134
66143
66144
66147
66151
66154
66179
66186
66226
66245
66247
66262
66264
66301
66303
66307
66332
66350
66356
66359
66378
66383
66415
66417
66420
66421
66429
66470
66492
66504
66515
66542
66544
66544
66555
66564
66599
66606
66611
66614
66663
66617
66681
66697
66698
66706
66717
66718
66722
66727
66745
66748
66753
66754
66770
66760
66817
66822
66832
66838
66896
66899
66900
66918
66949
66914
66958
66995
67029
67037
67053
67069
67069
67056
67110
67125
67134
67136
67138
67140
67142
67145
67146
67158
67173
67180
67186
67216
67231
67232
67235
67233
67235
67294
67320
67323
67337
67339
67343
67350
67361
67362
67373
67376
67398
67410
67413
67445
67449
67459
67483
67511
67517
67518
67539
67553
67529
67618
67620
67642
67631
67655
67662
67663
67722
67733
67751
67726
67767
67772
67776
67778
67803
67807
67825
67848
67851
67871
67881
67886
67891
67897
67900
67904
67916
67938
67967
67975
67982
67983
68027
68032
68036
68063
68072
68064
68070
68075
68078
68082
68082
68091
68093
68105
68119
68119
68120
68124
68124
68125
68132
68163
68136
68206
68216
68228
68236
68242
68255
68257
68341
68346
68346
68362
68365
68386
68399
68478
68410
68484
68487
68493
68507
68515
68518
68526
68527
68519
68536
68545
68550
68556
68559
68569
68579
68592
68597
68609
68618
68635
68639
68646
68647
68656
68681
68684
68689
68688
68709
68713
68724
68737
68737
68775
68747
68794
68807
68811
68821
68825
68889
68825
68845
68900
68907
68911
68916
68920
68921
68997
69006
69008
69035
69060
69066
69076
69083
69097
69105
69135
69155
69161
69171
69178
69174
69205
69216
69217
69231
69249
69279
69291
69292
69310
69386
69390
69395
69401
69411
69449
69450
69464
69478
69481
69496
69523
69547
69563
69592
69595
69597
69613
69640
69642
69660
69664
69666
69685
69692
69705
69718
69725
69746
69791
69803
69821
69804
69830
69841
69850
69870
69888
69874
69959
69972
69976
69987
69996
70025
70077
70032
70054
70091
70106
70118
70127
70123
70137
70146
70148
70159
70166
70174
70184
70186
70211
70230
70236
70238
70255
70277
70309
70325
70349
70355
70405
70410
70358
70426
70431
70454
70477
70487
70473
70497
70506
70510
70524
70543
70568
70588
70594
70590
70630
70647
70658
70661
70659
70679
70682
70685
70685
70707
70746
70750
70767
70785
70793
70807
70827
70861
70839
70839
70841
70872
70894
70899
70904
70911
70917
70943
70945
70959
70963
70967
70968
70982
70997
71016
71048
71055
71056
71060
71059
71073
71098
71117
71119
71147
71178
71207
71216
71218
71269
71274
71276
71278
71282
71297
71290
71364
71435
71437
71455
71465
71482
71483
71485
71507
71512
71526
71528
71537
71539
71544
71618
71582
71596
71647
71657
71687
71700
71724
71724
71751
71765
71766
71768
71788
71792
71796
71800
71803
71809
71815
71814
71825
71837
71881
71894
71916
71927
71959
71963
71971
71988
72010
72015
72016
72029
72038
72043
72043
72058
72059
72084
72093
72136
72140
72141
72152
72162
72169
72169
72185
72240
72251
72261
72254
72295
72300
72301
72307
72308
72322
72330
72353
72360
72358
72373
72374
72375
72381
72396
72405
72405
72406
72416
72429
72429
72433
72460
72461
72479
72541
72547
72548
72558
72562
72584
72598
72593
72603
72604
72615
72634
72647
72670
72674
72696
72727
72698
72709
72748
72838
72842
72854
72864
72856
72876
72892
72902
72895
72941
72951
72943
72949
72968
73035
73041
73052
73063
73070
73099
73119
73129
73131
73141
73141
73146
73160
73175
73185
73186
73229
73258
73262
73264
73280
73313
73318
73351
73319
73321
73397
73399
73402
73465
73470
73484
73490
73509
73525
73535
73535
73545
73547
73555
73562
73575
73602
73587
73632
73642
73641
73670
73687
73703
73702
73705
73716
73740
73760
73789
73792
73793
73801
73806
73806
73811
73862
73869
73895
73914
73920
73929
73939
73942
73985
73988
74006
74007
74013
74013
74015
74025
74031
74034
74081
74083
74086
74090
74096
74118
74096
74124
74132
74144
74162
74221
74228
74235
74237
74239
74242
74256
74271
74274
74276
74286
74288
74301
74302
74310
74328
74339
74343
74415
74418
74450
74452
74468
74508
74518
74530
74531
74531
74536
74566
74568
74587
74589
74611
74620
74638
74656
74657
74665
74702
74706
74718
74733
74736
74737
74739
74744
74789
74849
74834
74791
74872
74884
74885
74907
74932
74934
74945
74972
74991
74982
74984
74986
75013
75061
75069
75070
75071
75075
75076
75082
75104
75107
75127
75132
75158
75161
75173
75191
75206
75211
75215
75218
75238
75237
75273
75274
75296
75299
75339
75348
75350
75360
75366
75372
75381
75398
75429
75431
75460
75474
75483
75489
75493
75500
75512
75514
75520
75549
75577
75588
75609
75651
75658
75658
75674
75694
75697
75746
75724
75756
75762
75763
75782
75789
75799
75854
75867
75868
75880
75891
75909
75919
75919
75944
75949
75953
75966
75966
75977
75989
76035
76000
76021
76061
76063
76062
76075
76113
76131
76138
76183
76186
76194
76196
76197
76206
76209
76236
76242
76245
76247
76257
76260
76280
76284
76321
76355
76365
76380
76387
76392
76392
76402
76403
76437
76430
76454
76467
76468
76470
76480
76500
76499
76549
76560
76563
76572
76584
76625
76634
76653
76685
76690
76695
76710
76701
76726
76735
76735
76745
76758
76767
76788
76801
76816
76861
76863
76870
76909
76956
77001
77002
77028
77044
77047
77053
77074
77111
77125
77131
77132
77129
77143
77148
77191
77200
77204
77212
77233
77238
77286
77284
77304
77305
77321
77352
77370
77374
77404
77406
77417
77446
77454
77460
77448
77489
77500
77507
77504
77533
77540
77552
77559
77573
77574
77600
77603
77612
77628
77675
77662
77677
77695
77707
77719
77729
77748
77772
77772
77775
77786
77797
77809
77825
77825
77826
77837
77874
77901
77906
77916
77928
77949
77981
77951
78001
78016
78026
78041
78050
78050
78053
78059
78069
78078
78097
78098
78106
78130
78146
78134
78216
78233
78236
78259
78263
78290
78305
78339
78355
78363
78406
78409
78428
78423
78502
78508
78517
78520
78547
78578
78583
78594
78618
78621
78624
78631
78633
78650
78654
78655
78660
78683
78702
78764
78789
78819
78856
78856
78868
78897
78935
78949
78947
78958
78994
79007
79014
79039
79072
79072
79101
79114
79116
79130
79133
79158
79158
79159
79198
79202
79209
79211
79211
79254
79254
79263
79276
79287
79294
79312
79330
79330
79355
79355
79375
79366
79369
79410
79418
79436
79448
79450
79455
79456
79462
79498
79506
79525
79543
79564
79571
79572
79584
79598
79612
79642
79642
79649
79648
79670
79673
79683
79688
79702
79727
79752
79764
79767
79789
79832
79841
79857
79857
79883
79885
79890
79901
79902
79906
79912
79925
79936
79939
79939
79942
79959
79969
79972
79975
79993
80003
80045
80056
80070
80086
80092
80105
80133
80155
80186
80187
80188
80202
80213
80217
80229
80246
80253
80281
80281
80284
80288
80298
80301
80308
80331
80360
80378
80410
80417
80417
80419
80467
80497
80486
80510
80531
80528
80551
80562
80588
80585
80610
80630
80635
80654
80664
80664
80667
80679
80681
80701
80704
80711
80732
80737
80756
80750
80770
80777
80782
80796
80830
80834
80836
80838
80846
80861
80863
80907
80947
80940
80946
80951
80954
80970
80997
81020
81063
81143
81182
81159
81183
81194
81194
81222
81230
81249
81250
81274
81260
81284
81308
81327
81327
81361
81397
81400
81423
81426
81467
81477
81502
81504
81509
81523
81527
81528
81533
81556
81580
81618
81617
81637
81653
81671
81658
81691
81723
81706
81719
81751
81752
81793
81807
81807
81809
81809
81852
81870
81909
81885
81929
81969
81982
81990
82010
82019
82046
82022
82046
82078
82053
82066
82093
82104
82107
82116
82139
82145
82148
82156
82173
82173
82176
82178
82188
82215
82282
82232
82272
82332
82381
82360
82388
82394
82408
82417
82432
82438
82439
82486
82451
82455
82510
82516
82529
82529
82529
82546
82567
82571
82575
82596
82601
82639
82642
82644
82659
82668
82687
82701
82741
82755
82756
82780
82757
82768
82799
82835
82807
82832
82843
82855
82843
82863
82870
82874
82879
82885
82890
82908
82933
82945
82950
82997
83015
83020
83022
83025
83031
83036
83029
83075
83095
83075
83119
83123
83179
83189
83202
83215
83215
83217
83236
83246
83263
83281
83302
83303
83325
83320
83323
83370
83388
83414
83392
83408
83421
83436
83447
83460
83463
83487
83519
83542
83557
83574
83578
83621
83626
83647
83675
83675
83690
83692
83698
83702
83705
83724
83727
83751
83789
83803
83829
83873
83921
83921
83947
83970
83977
83972
83995
84012
84044
84034
84069
84083
84093
84099
84089
84098
84118
84126
84128
84136
84143
84156
84160
84167
84169
84195
84196
84198
84211
84219
84222
84224
84257
84259
84264
84274
84281
84287
84289
84304
84308
84308
84326
84333
84337
84358
84358
84338
84382
84390
84400
84413
84404
84417
84417
84421
84424
84448
84429
84440
84493
84498
84512
84544
84549
84566
84567
84581
84582
84601
84610
84610
84611
84611
84614
84616
84625
84625
84659
84671
84680
84694
84766
84776
84767
84803
84817
84824
84839
84844
84835
84846
84864
84871
84886
84899
84935
84945
84976
84994
85006
85007
85014
85035
85038
85051
85053
85075
85082
85082
85106
85107
85120
85144
85138
85146
85175
85197
85252
85254
85259
85268
85283
85279
85295
85337
85342
85347
85365
85402
85410
85430
85434
85456
85467
85528
85534
85488
85545
85558
85561
85576
85577
85595
85620
85650
85688
85709
85709
85712
85720
85745
85723
85772
85817
85828
85840
85840
85855
85883
85860
85917
85918
85925
85935
85965
85970
85971
85973
85975
85988
85988
85995
86000
86009
86001
86023
86037
86044
86049
86058
86119
86077
86158
86170
86160
86194
86213
86214
86219
86231
86261
86262
86280
86283
86287
86298
86298
86299
86306
86330
86331
86348
86353
86379
86384
86387
86389
86424
86426
86434
86433
86461
86465
86470
86495
86502
86514
86524
86548
86551
86566
86596
86587
86615
86638
86653
86663
86692
86695
86699
86711
86724
86763
86764
86765
86765
86788
86790
86796
86800
86808
86817
86835
86825
86819
86873
86877
86887
86881
86916
86917
86927
86929
86932
86932
86945
86957
86958
86987
87020
87034
87036
87083
87088
87108
87113
87124
87139
87147
87157
87174
87176
87180
87190
87203
87203
87211
87216
87221
87229
87259
87261
87257
87278
87282
87285
87290
87290
87308
87321
87327
87329
87334
87334
87342
87352
87385
87393
87402
87415
87426
87431
87438
87447
87459
87481
87489
87486
87501
87533
87550
87542
87550
87565
87567
87567
87572
87652
87661
87662
87684
87688
87717
87691
87701
87727
87738
87745
87757
87776
87781
87797
87800
87817
87821
87847
87847
87851
87854
87855
87874
87883
87890
87890
87900
87901
87931
87935
87945
87951
87987
87956
87982
88004
88019
88037
88041
88099
88111
88128
88139
88145
88155
88161
88173
88172
88187
88187
88192
88199
88203
88214
88229
88240
88256
88259
88296
88297
88311
88312
88315
88331
88339
88362
88378
88380
88414
88420
88426
88455
88458
88465
88479
88466
88557
88568
88571
88561
88604
88609
88626
88614
88647
88649
88680
88691
88691
88737
88750
88739
88759
88780
88759
88789
88807
88808
88810
88877
88821
88883
88885
88887
88899
88918
88915
88951
88965
88967
88969
88971
88985
89024
88973
89010
89037
89043
89043
89044
89081
89088
89133
89133
89140
89174
89165
89242
89254
89256
89268
89295
89303
89307
89318
89342
89348
89355
89367
89367
89389
89395
89395
89396
89401
89405
89409
89505
89538
89541
89546
89553
89566
89570
89581
89589
89610
89619
89635
89638
89645
89661
89663
89673
89674
89701
89709
89714
89725
89728
89736
89745
89742
89752
89753
89769
89786
89801
89803
89809
89858
89830
89886
89923
89894
89957
89959
89961
89976
89978
90000
89989
89994
90035
90045
90115
90118
90128
90167
90168
90175
90176
90227
90230
90232
90233
90246
90276
90285
90288
90297
90313
90320
90330
90330
90346
90341
90365
90367
90379
90380
90385
90418
90454
90495
90501
90506
90509
90513
90516
90537
90550
90559
90562
90574
90621
90633
90649
90650
90656
90678
90678
90686
90690
90692
90717
90727
90734
90770
90771
90774
90803
90807
90814
90835
90838
90853
90862
90873
90881
90918
90922
90923
90927
90931
90949
90951
90962
90989
91006
91006
91010
91044
91023
91085
91099
91090
91097
91117
91117
91128
91177
91182
91186
91190
91193
91196
91206
91229
91260
91278
91284
91329
91340
91333
91344
91347
91376
91422
91428
91444
91445
91460
91515
91523
91525
91595
91580
91604
91610
91613
91624
91627
91642
91667
91674
91701
91707
91715
91738
91756
91792
91802
91808
91823
91830
91816
91864
91869
91872
91948
91950
91966
92042
92061
92062
92068
92070
92067
92095
92106
92135
92138
92139
92144
92185
92152
92146
92196
92197
92221
92233
92238
92247
92242
92270
92270
92274
92272
92308
92319
92317
92330
92372
92374
92377
92377
92380
92384
92389
92402
92412
92409
92417
92422
92449
92458
92455
92458
92493
92513
92527
92550
92565
92566
92584
92589
92609
92610
92623
92646
92646
92662
92676
92705
92736
92756
92773
92777
92795
92800
92805
92813
92836
92864
92837
92882
92895
92913
92922
92923
92963
92969
92972
92977
92976
92984
92985
92991
92998
93008
93021
93045
93074
93083
93093
93096
93109
93122
93169
93174
93187
93197
93209
93228
93258
93258
93244
93278
93279
93284
93303
93313
93316
93328
93339
93344
93350
93359
93362
93365
93374
93410
93424
93448
93455
93458
93460
93502
93539
93513
93540
93577
93582
93583
93626
93627
93679
93648
93707
93740
93782
93788
93793
93789
93797
93801
93811
93808
93839
93856
93855
93887
93888
93900
93904
93909
93946
93947
93951
93956
93958
93980
93986
94015
94022
94026
94030
94049
94034
94086
94087
94094
94097
94109
94116
94123
94141
94136
94145
94149
94177
94181
94212
94218
94271
94293
94315
94318
94338
94330
94342
94351
94382
94405
94430
94434
94460
94443
94464
94475
94488
94490
94500
94503
94508
94514
94521
94521
94546
94549
94604
94607
94609
94623
94623
94654
94662
94662
94665
94682
94692
94708
94709
94721
94759
94766
94786
94793
94814
94815
94819
94885
94932
94937
94956
94975
94958
94966
94978
95014
95019
95025
95026
95057
95098
95111
95119
95136
95138
95142
95144
95165
95175
95205
95219
95228
95252
95239
95243
95332
95337
95358
95373
95400
95404
95409
95418
95428
95443
95451
95466
95490
95491
95496
95492
95507
95527
95534
95540
95544
95545
95551
95548
95567
95571
95573
95574
95575
95597
95611
95612
95616
95620
95626
95678
95687
95699
95690
95708
95716
95720
95725
95728
95753
95773
95780
95799
95824
95827
95886
95892
95899
95946
95953
95955
95957
95982
95994
95997
95999
96003
96014
96015
96015
96019
96034
96046
96063
96069
96066
96075
96112
96114
96114
96122
96140
96123
96123
96169
96170
96173
96174
96176
96202
96241
96274
96253
96274
96316
96319
96321
96340
96342
96381
96385
96390
96395
96401
96417
96435
96436
96456
96469
96473
96529
96534
96544
96546
96568
96573
96591
96609
96634
96666
96671
96645
96690
96700
96727
96729
96746
96753
96778
96780
96793
96814
96817
96817
96819
96850
96859
96861
96877
96875
96916
96917
96919
96970
96976
97015
97000
97025
97069
97029
97050
97162
97179
97185
97196
97208
97221
97223
97226
97232
97278
97291
97296
97315
97322
97325
97382
97394
97406
97435
97440
97464
97473
97491
97497
97497
97503
97524
97528
97531
97549
97565
97590
97591
97596
97598
97610
97634
97634
97652
97654
97693
97700
97709
97750
97761
97764
97777
97789
97795
97822
97873
97893
97902
97903
97909
97919
97948
97946
97952
97965
97982
97995
98003
98018
98019
98061
98034
98083
98084
98096
98107
98138
98146
98162
98164
98171
98175
98183
98183
98186
98207
98229
98257
98260
98272
98280
98284
98286
98297
98303
98306
98308
98329
98331
98349
98359
98381
98395
98385
98420
98423
98435
98457
98467
98477
98482
98507
98511
98520
98516
98517
98527
98545
98552
98614
98596
98643
98644
98661
98688
98746
98751
98757
98783
98803
98813
98813
98835
98839
98840
98850
98859
98860
98877
98868
98899
98918
98919
98924
98950
98996
98998
98992
99034
99048
99063
99080
99087
99095
99097
99114
99140
99128
99164
99169
99170
99184
99187
99213
99219
99222
99236
99259
99278
99278
99329
99327
99332
99371
99391
99385
99407
99421
99470
99471
99480
99496
99501
99502
99519
99530
99530
99531
99533
99548
99570
99575
99603
99640
99645
99647
99647
99647
99652
99664
99676
99711
99746
99748
99748
99763
99775
99780
99796
99833
99805
99833
99854
99859
99882
99931
99946
99977
99951
99977
99990